<?xml version="1.0" encoding="UTF-8"?>
<!-- Generated by org.testng.reporters.JUnitXMLReporter -->
<testsuite ignored="0" hostname="Sagar" failures="0" tests="6" name="Smoke Test" time="40.854" errors="0" timestamp="2024-07-12T16:12:23 IST">
  <testcase classname="tests.HomePageTest" name="verifyTitle" time="0.016"/>
  <testcase classname="tests.HomePageTest" name="verifyLogo" time="0.0"/>
  <testcase classname="tests.LoginPageTest" name="navigateToLoginPage" time="0.0"/>
  <testcase classname="tests.ForumsPageTest" name="navigateToForumsPage" time="0.001"/>
  <testcase classname="tests.ForumsPageTest" name="verifyForumsHeaderPresent" time="0.001"/>
  <testcase classname="tests.CheckoutTest" name="navigateToCart" time="0.0"/>
</testsuite> <!-- Smoke Test -->
