<?xml version="1.0" encoding="UTF-8"?>
<testsuite xmlns:xsi="http://www.w3.org/2001/XMLSchema-instance" xsi:noNamespaceSchemaLocation="https://maven.apache.org/surefire/maven-surefire-plugin/xsd/surefire-test-report.xsd" name="TestSuite" time="41.652" tests="6" errors="0" skipped="0" failures="0">
  <properties>
[...]
</properties>
  <testcase name="verifyTitle" classname="tests.HomePageTest" time="0.018"/>
  <testcase name="verifyLogo" classname="tests.HomePageTest" time="0"/>
  <testcase name="navigateToLoginPage" classname="tests.LoginPageTest" time="0"/>
  <testcase name="navigateToForumsPage" classname="tests.ForumsPageTest" time="0.001"/>
  <testcase name="verifyForumsHeaderPresent" classname="tests.ForumsPageTest" time="0.002"/>
  <testcase name="navigateToCart" classname="tests.CheckoutTest" time="0.001"/>
</testsuite>