<?xml version="1.0" encoding="UTF-8"?>
<testng-results ignored="0" total="6" passed="6" failed="0" skipped="0">
  <reporter-output>
  </reporter-output>
  <suite started-at="2024-07-12T16:11:43 IST" name="Smoke Test Suite" finished-at="2024-07-12T16:12:23 IST" duration-ms="40854">
    <groups>
    </groups>
    <test started-at="2024-07-12T16:11:43 IST" name="Smoke Test" finished-at="2024-07-12T16:12:23 IST" duration-ms="40854">
      <class name="tests.ForumsPageTest">
        <test-method is-config="true" signature="setup(org.testng.ITestContext)[pri:0, instance:tests.ForumsPageTest@10d68fcd]" started-at="2024-07-12T16:11:55 IST" name="setup" finished-at="2024-07-12T16:12:05 IST" duration-ms="10127" status="PASS">
          <params>
            <param index="0">
              <value>
                <![CDATA[org.testng.TestRunner@11f406f8]]>
              </value>
            </param>
          </params>
          <reporter-output>
          </reporter-output>
        </test-method> <!-- setup -->
        <test-method signature="navigateToForumsPage()[pri:0, instance:tests.ForumsPageTest@10d68fcd]" started-at="2024-07-12T16:12:05 IST" name="navigateToForumsPage" finished-at="2024-07-12T16:12:05 IST" duration-ms="1" status="PASS">
          <reporter-output>
          </reporter-output>
        </test-method> <!-- navigateToForumsPage -->
        <test-method signature="verifyForumsHeaderPresent()[pri:1, instance:tests.ForumsPageTest@10d68fcd]" started-at="2024-07-12T16:12:05 IST" name="verifyForumsHeaderPresent" finished-at="2024-07-12T16:12:05 IST" depends-on-methods="tests.ForumsPageTest.navigateToForumsPage" duration-ms="1" status="PASS">
          <reporter-output>
          </reporter-output>
        </test-method> <!-- verifyForumsHeaderPresent -->
        <test-method is-config="true" signature="tearDown()[pri:0, instance:tests.ForumsPageTest@10d68fcd]" started-at="2024-07-12T16:12:05 IST" name="tearDown" finished-at="2024-07-12T16:12:06 IST" duration-ms="210" status="PASS">
          <reporter-output>
          </reporter-output>
        </test-method> <!-- tearDown -->
      </class> <!-- tests.ForumsPageTest -->
      <class name="tests.HomePageTest">
        <test-method is-config="true" signature="setup(org.testng.ITestContext)[pri:0, instance:tests.HomePageTest@31f9b85e]" started-at="2024-07-12T16:11:43 IST" name="setup" finished-at="2024-07-12T16:11:48 IST" duration-ms="5759" status="PASS">
          <params>
            <param index="0">
              <value>
                <![CDATA[org.testng.TestRunner@11f406f8]]>
              </value>
            </param>
          </params>
          <reporter-output>
          </reporter-output>
        </test-method> <!-- setup -->
        <test-method signature="verifyTitle()[pri:0, instance:tests.HomePageTest@31f9b85e]" started-at="2024-07-12T16:11:48 IST" name="verifyTitle" finished-at="2024-07-12T16:11:48 IST" duration-ms="16" status="PASS">
          <reporter-output>
          </reporter-output>
        </test-method> <!-- verifyTitle -->
        <test-method signature="verifyLogo()[pri:1, instance:tests.HomePageTest@31f9b85e]" started-at="2024-07-12T16:11:48 IST" name="verifyLogo" finished-at="2024-07-12T16:11:48 IST" duration-ms="0" status="PASS">
          <reporter-output>
          </reporter-output>
        </test-method> <!-- verifyLogo -->
        <test-method is-config="true" signature="tearDown()[pri:0, instance:tests.HomePageTest@31f9b85e]" started-at="2024-07-12T16:11:48 IST" name="tearDown" finished-at="2024-07-12T16:11:49 IST" duration-ms="319" status="PASS">
          <reporter-output>
          </reporter-output>
        </test-method> <!-- tearDown -->
      </class> <!-- tests.HomePageTest -->
      <class name="tests.LoginPageTest">
        <test-method is-config="true" signature="setup(org.testng.ITestContext)[pri:0, instance:tests.LoginPageTest@424e1977]" started-at="2024-07-12T16:11:49 IST" name="setup" finished-at="2024-07-12T16:11:55 IST" duration-ms="6478" status="PASS">
          <params>
            <param index="0">
              <value>
                <![CDATA[org.testng.TestRunner@11f406f8]]>
              </value>
            </param>
          </params>
          <reporter-output>
          </reporter-output>
        </test-method> <!-- setup -->
        <test-method signature="navigateToLoginPage()[pri:0, instance:tests.LoginPageTest@424e1977]" started-at="2024-07-12T16:11:55 IST" name="navigateToLoginPage" finished-at="2024-07-12T16:11:55 IST" duration-ms="0" status="PASS">
          <reporter-output>
          </reporter-output>
        </test-method> <!-- navigateToLoginPage -->
        <test-method is-config="true" signature="tearDown()[pri:0, instance:tests.LoginPageTest@424e1977]" started-at="2024-07-12T16:11:55 IST" name="tearDown" finished-at="2024-07-12T16:11:55 IST" duration-ms="228" status="PASS">
          <reporter-output>
          </reporter-output>
        </test-method> <!-- tearDown -->
      </class> <!-- tests.LoginPageTest -->
      <class name="tests.CheckoutTest">
        <test-method is-config="true" signature="setup(org.testng.ITestContext)[pri:0, instance:tests.CheckoutTest@117e949d]" started-at="2024-07-12T16:12:06 IST" name="setup" finished-at="2024-07-12T16:12:23 IST" duration-ms="17452" status="PASS">
          <params>
            <param index="0">
              <value>
                <![CDATA[org.testng.TestRunner@11f406f8]]>
              </value>
            </param>
          </params>
          <reporter-output>
          </reporter-output>
        </test-method> <!-- setup -->
        <test-method signature="navigateToCart()[pri:0, instance:tests.CheckoutTest@117e949d]" started-at="2024-07-12T16:12:23 IST" name="navigateToCart" finished-at="2024-07-12T16:12:23 IST" duration-ms="0" status="PASS">
          <reporter-output>
          </reporter-output>
        </test-method> <!-- navigateToCart -->
        <test-method is-config="true" signature="tearDown()[pri:0, instance:tests.CheckoutTest@117e949d]" started-at="2024-07-12T16:12:23 IST" name="tearDown" finished-at="2024-07-12T16:12:23 IST" duration-ms="232" status="PASS">
          <reporter-output>
          </reporter-output>
        </test-method> <!-- tearDown -->
      </class> <!-- tests.CheckoutTest -->
    </test> <!-- Smoke Test -->
  </suite> <!-- Smoke Test Suite -->
</testng-results>
